<?xml version="1.0" encoding="UTF-8"?>
<!-- Generated by org.testng.reporters.JUnitXMLReporter -->
<testsuite ignored="0" hostname="UKEC233" failures="1" tests="1" name="Test" time="13.336" errors="0" timestamp="2023-05-06T13:25:43 BST">
  <testcase classname="testCases.TC_002_LoginTest" name="test_Login" time="3.181">
    <failure type="java.lang.AssertionError" message="expected [My Account] but found [Customer Login]">
      <![CDATA[java.lang.AssertionError: expected [My Account] but found [Customer Login]
at testCases.TC_002_LoginTest.test_Login(TC_002_LoginTest.java:35)
at java.base/java.util.ArrayList.forEach(ArrayList.java:1511)
... Removed 33 stack frames]]>
    </failure>
  </testcase> <!-- test_Login -->
</testsuite> <!-- Test -->
