<?xml version="1.0" encoding="UTF-8"?>
<testng-results ignored="0" total="1" passed="1" failed="0" skipped="0">
  <reporter-output>
  </reporter-output>
  <suite started-at="2023-05-08T15:05:56 BST" name="Suite" finished-at="2023-05-08T15:06:14 BST" duration-ms="18559">
    <groups>
    </groups>
    <test started-at="2023-05-08T15:05:56 BST" name="Test" finished-at="2023-05-08T15:06:14 BST" duration-ms="18559">
      <class name="testCases.TC_001_AccountRegistrationTest">
        <test-method is-config="true" signature="setup(java.lang.String)[pri:0, instance:testCases.TC_001_AccountRegistrationTest@6fa51cd4]" started-at="2023-05-08T15:05:56 BST" name="setup" finished-at="2023-05-08T15:06:04 BST" duration-ms="8204" status="PASS">
          <params>
            <param index="0">
              <value>
                <![CDATA[firefox]]>
              </value>
            </param>
          </params>
          <reporter-output>
          </reporter-output>
        </test-method> <!-- setup -->
        <test-method signature="test_account_Registration()[pri:0, instance:testCases.TC_001_AccountRegistrationTest@6fa51cd4]" started-at="2023-05-08T15:06:04 BST" name="test_account_Registration" finished-at="2023-05-08T15:06:13 BST" duration-ms="9257" status="PASS">
          <reporter-output>
          </reporter-output>
        </test-method> <!-- test_account_Registration -->
        <test-method is-config="true" signature="tearDown()[pri:0, instance:testCases.TC_001_AccountRegistrationTest@6fa51cd4]" started-at="2023-05-08T15:06:13 BST" name="tearDown" finished-at="2023-05-08T15:06:14 BST" duration-ms="875" status="PASS">
          <reporter-output>
          </reporter-output>
        </test-method> <!-- tearDown -->
      </class> <!-- testCases.TC_001_AccountRegistrationTest -->
    </test> <!-- Test -->
  </suite> <!-- Suite -->
</testng-results>
