<?xml version="1.0" encoding="UTF-8"?>
<testng-results ignored="0" total="2" passed="2" failed="0" skipped="0">
  <reporter-output>
  </reporter-output>
  <suite started-at="2023-05-06T13:26:35 BST" name="Suite" finished-at="2023-05-06T13:27:11 BST" duration-ms="35311">
    <groups>
    </groups>
    <test started-at="2023-05-06T13:26:35 BST" name="firefox" finished-at="2023-05-06T13:26:54 BST" duration-ms="18430">
      <class name="testCases.TC_001_AccountRegistrationTest">
        <test-method is-config="true" signature="setup(java.lang.String)[pri:0, instance:testCases.TC_001_AccountRegistrationTest@72e5a8e]" started-at="2023-05-06T13:26:35 BST" name="setup" finished-at="2023-05-06T13:26:43 BST" duration-ms="7474" status="PASS">
          <params>
            <param index="0">
              <value>
                <![CDATA[firefox]]>
              </value>
            </param>
          </params>
          <reporter-output>
          </reporter-output>
        </test-method> <!-- setup -->
        <test-method signature="test_account_Registration()[pri:0, instance:testCases.TC_001_AccountRegistrationTest@72e5a8e]" started-at="2023-05-06T13:26:43 BST" name="test_account_Registration" finished-at="2023-05-06T13:26:53 BST" duration-ms="9956" status="PASS">
          <reporter-output>
          </reporter-output>
        </test-method> <!-- test_account_Registration -->
        <test-method is-config="true" signature="tearDown()[pri:0, instance:testCases.TC_001_AccountRegistrationTest@72e5a8e]" started-at="2023-05-06T13:26:53 BST" name="tearDown" finished-at="2023-05-06T13:26:54 BST" duration-ms="972" status="PASS">
          <reporter-output>
          </reporter-output>
        </test-method> <!-- tearDown -->
      </class> <!-- testCases.TC_001_AccountRegistrationTest -->
    </test> <!-- firefox -->
    <test started-at="2023-05-06T13:26:35 BST" name="edge" finished-at="2023-05-06T13:27:11 BST" duration-ms="35311">
      <class name="testCases.TC_001_AccountRegistrationTest">
        <test-method is-config="true" signature="setup(java.lang.String)[pri:0, instance:testCases.TC_001_AccountRegistrationTest@20140db9]" started-at="2023-05-06T13:26:35 BST" name="setup" finished-at="2023-05-06T13:26:59 BST" duration-ms="23928" status="PASS">
          <params>
            <param index="0">
              <value>
                <![CDATA[edge]]>
              </value>
            </param>
          </params>
          <reporter-output>
          </reporter-output>
        </test-method> <!-- setup -->
        <test-method signature="test_account_Registration()[pri:0, instance:testCases.TC_001_AccountRegistrationTest@20140db9]" started-at="2023-05-06T13:26:59 BST" name="test_account_Registration" finished-at="2023-05-06T13:27:10 BST" duration-ms="11038" status="PASS">
          <reporter-output>
          </reporter-output>
        </test-method> <!-- test_account_Registration -->
        <test-method is-config="true" signature="tearDown()[pri:0, instance:testCases.TC_001_AccountRegistrationTest@20140db9]" started-at="2023-05-06T13:27:10 BST" name="tearDown" finished-at="2023-05-06T13:27:11 BST" duration-ms="333" status="PASS">
          <reporter-output>
          </reporter-output>
        </test-method> <!-- tearDown -->
      </class> <!-- testCases.TC_001_AccountRegistrationTest -->
    </test> <!-- edge -->
  </suite> <!-- Suite -->
</testng-results>
